0 info it worked if it ends with ok
1 verbose cli [ '/usr/local/bin/node',
1 verbose cli   '/usr/local/bin/npm',
1 verbose cli   'install',
1 verbose cli   '--save-dev',
1 verbose cli   'merge-stream' ]
2 info using npm@2.14.2
3 info using node@v4.0.0
4 verbose install initial load of /Applications/My-Project/nearbook/nearbooks_ionic/package.json
5 warn package.json nearbooks_ionic@1.0.0 No repository field.
6 warn package.json nearbooks_ionic@1.0.0 No license field.
7 verbose installManyTop reading scoped package data from /Applications/My-Project/nearbook/nearbooks_ionic/node_modules/async/package.json
8 verbose installManyTop reading scoped package data from /Applications/My-Project/nearbook/nearbooks_ionic/node_modules/bower/package.json
9 verbose installManyTop reading scoped package data from /Applications/My-Project/nearbook/nearbooks_ionic/node_modules/clean-css/package.json
10 verbose installManyTop reading scoped package data from /Applications/My-Project/nearbook/nearbooks_ionic/node_modules/cordova-uglify/package.json
11 verbose installManyTop reading scoped package data from /Applications/My-Project/nearbook/nearbooks_ionic/node_modules/gulp/package.json
12 verbose installManyTop reading scoped package data from /Applications/My-Project/nearbook/nearbooks_ionic/node_modules/gulp-angular-templatecache/package.json
13 verbose installManyTop reading scoped package data from /Applications/My-Project/nearbook/nearbooks_ionic/node_modules/gulp-concat/package.json
14 verbose installManyTop reading scoped package data from /Applications/My-Project/nearbook/nearbooks_ionic/node_modules/gulp-if/package.json
15 verbose installManyTop reading scoped package data from /Applications/My-Project/nearbook/nearbooks_ionic/node_modules/gulp-minify-css/package.json
16 verbose installManyTop reading scoped package data from /Applications/My-Project/nearbook/nearbooks_ionic/node_modules/gulp-ng-annotate/package.json
17 verbose installManyTop reading scoped package data from /Applications/My-Project/nearbook/nearbooks_ionic/node_modules/gulp-rename/package.json
18 verbose installManyTop reading scoped package data from /Applications/My-Project/nearbook/nearbooks_ionic/node_modules/gulp-sass/package.json
19 verbose installManyTop reading scoped package data from /Applications/My-Project/nearbook/nearbooks_ionic/node_modules/gulp-template/package.json
20 verbose installManyTop reading scoped package data from /Applications/My-Project/nearbook/nearbooks_ionic/node_modules/gulp-uglify/package.json
21 verbose installManyTop reading scoped package data from /Applications/My-Project/nearbook/nearbooks_ionic/node_modules/gulp-useref/package.json
22 verbose installManyTop reading scoped package data from /Applications/My-Project/nearbook/nearbooks_ionic/node_modules/gulp-util/package.json
23 verbose installManyTop reading scoped package data from /Applications/My-Project/nearbook/nearbooks_ionic/node_modules/mv/package.json
24 verbose installManyTop reading scoped package data from /Applications/My-Project/nearbook/nearbooks_ionic/node_modules/ng-annotate/package.json
25 verbose installManyTop reading scoped package data from /Applications/My-Project/nearbook/nearbooks_ionic/node_modules/replace/package.json
26 verbose installManyTop reading scoped package data from /Applications/My-Project/nearbook/nearbooks_ionic/node_modules/shelljs/package.json
27 verbose installManyTop reading scoped package data from /Applications/My-Project/nearbook/nearbooks_ionic/node_modules/uglify-js/package.json
28 info package.json async@1.4.2 No README data
29 info package.json gulp-minify-css@0.3.13 No license field.
30 info package.json gulp-if@1.2.5 No license field.
31 info package.json gulp-rename@1.2.2 No license field.
32 info package.json gulp-util@2.2.20 No license field.
33 info package.json shelljs@0.3.0 license should be a valid SPDX license expression
34 info package.json uglify-js@2.4.24 license should be a valid SPDX license expression
35 verbose readDependencies loading dependencies from /Applications/My-Project/nearbook/nearbooks_ionic/package.json
36 silly cache add args [ 'merge-stream', null ]
37 verbose cache add spec merge-stream
38 silly cache add parsed spec Result {
38 silly cache add   raw: 'merge-stream',
38 silly cache add   scope: null,
38 silly cache add   name: 'merge-stream',
38 silly cache add   rawSpec: '',
38 silly cache add   spec: '*',
38 silly cache add   type: 'range' }
39 silly addNamed merge-stream@*
40 verbose addNamed "*" is a valid semver range for merge-stream
41 silly addNameRange { name: 'merge-stream', range: '*', hasData: false }
42 silly mapToRegistry name merge-stream
43 silly mapToRegistry using default registry
44 silly mapToRegistry registry https://registry.npmjs.org/
45 silly mapToRegistry uri https://registry.npmjs.org/merge-stream
46 verbose addNameRange registry:https://registry.npmjs.org/merge-stream not in flight; fetching
47 verbose request uri https://registry.npmjs.org/merge-stream
48 verbose request no auth needed
49 info attempt registry request try #1 at 15:27:39
50 verbose request id 9dfdba798f64fa6f
51 http request GET https://registry.npmjs.org/merge-stream
52 http 200 https://registry.npmjs.org/merge-stream
53 silly get cb [ 200,
53 silly get   { server: 'CouchDB/1.5.0 (Erlang OTP/R16B03)',
53 silly get     etag: '"D917RTP0UQS2CZVNTIW9Q5J28"',
53 silly get     'content-type': 'application/json',
53 silly get     'cache-control': 'max-age=60',
53 silly get     'content-length': '13292',
53 silly get     'accept-ranges': 'bytes',
53 silly get     date: 'Tue, 15 Sep 2015 07:27:39 GMT',
53 silly get     via: '1.1 varnish',
53 silly get     age: '48',
53 silly get     connection: 'keep-alive',
53 silly get     'x-served-by': 'cache-itm7427-ITM',
53 silly get     'x-cache': 'HIT',
53 silly get     'x-cache-hits': '2',
53 silly get     'x-timer': 'S1442302059.658902,VS0,VE0',
53 silly get     vary: 'Accept' } ]
54 verbose get saving merge-stream to /Users/jianbozhang/.npm/registry.npmjs.org/merge-stream/.cache.json
55 silly addNameRange number 2 { name: 'merge-stream', range: '*', hasData: true }
56 silly addNameRange versions [ 'merge-stream',
56 silly addNameRange   [ '0.0.0',
56 silly addNameRange     '0.0.1',
56 silly addNameRange     '0.1.1',
56 silly addNameRange     '0.1.2',
56 silly addNameRange     '0.1.3',
56 silly addNameRange     '0.1.4',
56 silly addNameRange     '0.1.5',
56 silly addNameRange     '0.1.6',
56 silly addNameRange     '0.1.7',
56 silly addNameRange     '0.1.8',
56 silly addNameRange     '1.0.0' ] ]
57 silly addNamed merge-stream@1.0.0
58 verbose addNamed "1.0.0" is a plain semver version for merge-stream
59 silly mapToRegistry name merge-stream
60 silly mapToRegistry using default registry
61 silly mapToRegistry registry https://registry.npmjs.org/
62 silly mapToRegistry uri https://registry.npmjs.org/merge-stream
63 verbose addRemoteTarball https://registry.npmjs.org/merge-stream/-/merge-stream-1.0.0.tgz not in flight; adding
64 verbose addRemoteTarball [ 'https://registry.npmjs.org/merge-stream/-/merge-stream-1.0.0.tgz',
64 verbose addRemoteTarball   '9cfd156fef35421e2b5403ce11dc6eb1962b026e' ]
65 info retry fetch attempt 1 at 15:27:39
66 info attempt registry request try #1 at 15:27:39
67 http fetch GET https://registry.npmjs.org/merge-stream/-/merge-stream-1.0.0.tgz
68 http fetch 200 https://registry.npmjs.org/merge-stream/-/merge-stream-1.0.0.tgz
69 silly fetchAndShaCheck shasum 9cfd156fef35421e2b5403ce11dc6eb1962b026e
70 verbose addTmpTarball /var/folders/vn/r8plmxp93ll059fwcpng0ysm0000gn/T/npm-21444-a644cf78/registry.npmjs.org/merge-stream/-/merge-stream-1.0.0.tgz not in flight; adding
71 verbose addTmpTarball already have metadata; skipping unpack for merge-stream@1.0.0
72 silly cache afterAdd merge-stream@1.0.0
73 verbose afterAdd /Users/jianbozhang/.npm/merge-stream/1.0.0/package/package.json not in flight; writing
74 verbose afterAdd /Users/jianbozhang/.npm/merge-stream/1.0.0/package/package.json written
75 silly install resolved [ { name: 'merge-stream',
75 silly install resolved     version: '1.0.0',
75 silly install resolved     description: 'Create a stream that emits events from multiple other streams',
75 silly install resolved     main: 'index.js',
75 silly install resolved     files: [ 'index.js' ],
75 silly install resolved     scripts: { test: 'istanbul cover test.js && istanbul check-cover --statements 100 --branches 100' },
75 silly install resolved     repository:
75 silly install resolved      { type: 'git',
75 silly install resolved        url: 'git+https://github.com/grncdr/merge-stream.git' },
75 silly install resolved     author: { name: 'Stephen Sugden', email: 'me@stephensugden.com' },
75 silly install resolved     license: 'MIT',
75 silly install resolved     dependencies: { 'readable-stream': '^2.0.1' },
75 silly install resolved     devDependencies: { from2: '^2.0.3', istanbul: '^0.3.2' },
75 silly install resolved     gitHead: 'e973cf43ef0edda5d4e3b08b07040d4039822734',
75 silly install resolved     bugs: { url: 'https://github.com/grncdr/merge-stream/issues' },
75 silly install resolved     homepage: 'https://github.com/grncdr/merge-stream#readme',
75 silly install resolved     _id: 'merge-stream@1.0.0',
75 silly install resolved     _shasum: '9cfd156fef35421e2b5403ce11dc6eb1962b026e',
75 silly install resolved     _from: 'merge-stream@*',
75 silly install resolved     _npmVersion: '2.13.1',
75 silly install resolved     _nodeVersion: '2.4.0',
75 silly install resolved     _npmUser: { name: 'shinnn', email: 'snnskwtnb@gmail.com' },
75 silly install resolved     dist:
75 silly install resolved      { shasum: '9cfd156fef35421e2b5403ce11dc6eb1962b026e',
75 silly install resolved        tarball: 'http://registry.npmjs.org/merge-stream/-/merge-stream-1.0.0.tgz' },
75 silly install resolved     maintainers: [ [Object], [Object] ],
75 silly install resolved     directories: {},
75 silly install resolved     _resolved: 'https://registry.npmjs.org/merge-stream/-/merge-stream-1.0.0.tgz' } ]
76 info install merge-stream@1.0.0 into /Applications/My-Project/nearbook/nearbooks_ionic
77 info installOne merge-stream@1.0.0
78 verbose installOne of merge-stream to /Applications/My-Project/nearbook/nearbooks_ionic not in flight; installing
79 verbose lock using /Users/jianbozhang/.npm/_locks/merge-stream-128ad07170a6d040.lock for /Applications/My-Project/nearbook/nearbooks_ionic/node_modules/merge-stream
80 silly install write writing merge-stream 1.0.0 to /Applications/My-Project/nearbook/nearbooks_ionic/node_modules/merge-stream
81 verbose unbuild node_modules/merge-stream
82 silly gentlyRm /Applications/My-Project/nearbook/nearbooks_ionic/node_modules/merge-stream is being purged from base /Applications/My-Project/nearbook/nearbooks_ionic
83 verbose gentlyRm don't care about contents; nuking /Applications/My-Project/nearbook/nearbooks_ionic/node_modules/merge-stream
84 verbose tar unpack /Users/jianbozhang/.npm/merge-stream/1.0.0/package.tgz
85 verbose tar unpacking to /Applications/My-Project/nearbook/nearbooks_ionic/node_modules/merge-stream
86 silly gentlyRm /Applications/My-Project/nearbook/nearbooks_ionic/node_modules/merge-stream is being purged
87 verbose gentlyRm don't care about contents; nuking /Applications/My-Project/nearbook/nearbooks_ionic/node_modules/merge-stream
88 silly gunzTarPerm modes [ '755', '644' ]
89 silly gunzTarPerm extractEntry package.json
90 silly gunzTarPerm extractEntry README.md
91 silly gunzTarPerm extractEntry index.js
92 verbose write writing to /Applications/My-Project/nearbook/nearbooks_ionic/node_modules/merge-stream/package.json
93 info preinstall merge-stream@1.0.0
94 verbose readDependencies loading dependencies from /Applications/My-Project/nearbook/nearbooks_ionic/node_modules/merge-stream/package.json
95 silly prepareForInstallMany adding readable-stream@^2.0.1 from merge-stream dependencies
96 verbose readDependencies loading dependencies from /Applications/My-Project/nearbook/nearbooks_ionic/node_modules/merge-stream/package.json
97 silly cache add args [ 'readable-stream@^2.0.1', null ]
98 verbose cache add spec readable-stream@^2.0.1
99 silly cache add parsed spec Result {
99 silly cache add   raw: 'readable-stream@^2.0.1',
99 silly cache add   scope: null,
99 silly cache add   name: 'readable-stream',
99 silly cache add   rawSpec: '^2.0.1',
99 silly cache add   spec: '>=2.0.1 <3.0.0',
99 silly cache add   type: 'range' }
100 silly addNamed readable-stream@>=2.0.1 <3.0.0
101 verbose addNamed ">=2.0.1 <3.0.0" is a valid semver range for readable-stream
102 silly addNameRange { name: 'readable-stream',
102 silly addNameRange   range: '>=2.0.1 <3.0.0',
102 silly addNameRange   hasData: false }
103 silly mapToRegistry name readable-stream
104 silly mapToRegistry using default registry
105 silly mapToRegistry registry https://registry.npmjs.org/
106 silly mapToRegistry uri https://registry.npmjs.org/readable-stream
107 verbose addNameRange registry:https://registry.npmjs.org/readable-stream not in flight; fetching
108 verbose request uri https://registry.npmjs.org/readable-stream
109 verbose request no auth needed
110 info attempt registry request try #1 at 15:27:40
111 verbose etag "82TTSAI8QQG39EFUWDIODAL81"
112 http request GET https://registry.npmjs.org/readable-stream
113 http 304 https://registry.npmjs.org/readable-stream
114 silly get cb [ 304,
114 silly get   { date: 'Tue, 15 Sep 2015 07:27:41 GMT',
114 silly get     via: '1.1 varnish',
114 silly get     'cache-control': 'max-age=60',
114 silly get     etag: '"82TTSAI8QQG39EFUWDIODAL81"',
114 silly get     age: '19',
114 silly get     connection: 'keep-alive',
114 silly get     'x-served-by': 'cache-itm7427-ITM',
114 silly get     'x-cache': 'HIT',
114 silly get     'x-cache-hits': '1',
114 silly get     'x-timer': 'S1442302061.035168,VS0,VE0',
114 silly get     vary: 'Accept' } ]
115 verbose etag https://registry.npmjs.org/readable-stream from cache
116 verbose get saving readable-stream to /Users/jianbozhang/.npm/registry.npmjs.org/readable-stream/.cache.json
117 silly addNameRange number 2 { name: 'readable-stream',
117 silly addNameRange   range: '>=2.0.1 <3.0.0',
117 silly addNameRange   hasData: true }
118 silly addNameRange versions [ 'readable-stream',
118 silly addNameRange   [ '0.0.1',
118 silly addNameRange     '0.0.2',
118 silly addNameRange     '0.0.3',
118 silly addNameRange     '0.0.4',
118 silly addNameRange     '0.1.0',
118 silly addNameRange     '0.2.0',
118 silly addNameRange     '0.3.0',
118 silly addNameRange     '0.3.1',
118 silly addNameRange     '1.0.0',
118 silly addNameRange     '1.0.1',
118 silly addNameRange     '1.0.2',
118 silly addNameRange     '1.0.15',
118 silly addNameRange     '1.0.17',
118 silly addNameRange     '1.1.7',
118 silly addNameRange     '1.1.8',
118 silly addNameRange     '1.1.9',
118 silly addNameRange     '1.0.24',
118 silly addNameRange     '1.0.25',
118 silly addNameRange     '1.1.10',
118 silly addNameRange     '1.0.25-1',
118 silly addNameRange     '1.1.11',
118 silly addNameRange     '1.0.26',
118 silly addNameRange     '1.0.26-1',
118 silly addNameRange     '1.1.11-1',
118 silly addNameRange     '1.0.26-2',
118 silly addNameRange     '1.1.12',
118 silly addNameRange     '1.0.26-3',
118 silly addNameRange     '1.0.26-4',
118 silly addNameRange     '1.1.12-1',
118 silly addNameRange     '1.0.27-1',
118 silly addNameRange     '1.1.13-1',
118 silly addNameRange     '1.0.31',
118 silly addNameRange     '1.1.13',
118 silly addNameRange     '1.0.32',
118 silly addNameRange     '1.0.32-1',
118 silly addNameRange     '1.0.33-1',
118 silly addNameRange     '1.0.33-2',
118 silly addNameRange     '1.0.33',
118 silly addNameRange     '2.0.0',
118 silly addNameRange     '2.0.1',
118 silly addNameRange     '2.0.2' ] ]
119 silly addNamed readable-stream@2.0.2
120 verbose addNamed "2.0.2" is a plain semver version for readable-stream
121 silly cache afterAdd readable-stream@2.0.2
122 verbose afterAdd /Users/jianbozhang/.npm/readable-stream/2.0.2/package/package.json not in flight; writing
123 verbose afterAdd /Users/jianbozhang/.npm/readable-stream/2.0.2/package/package.json written
124 silly install resolved [ { name: 'readable-stream',
124 silly install resolved     version: '2.0.2',
124 silly install resolved     description: 'Streams3, a user-land copy of the stream library from iojs v2.x',
124 silly install resolved     main: 'readable.js',
124 silly install resolved     dependencies:
124 silly install resolved      { 'core-util-is': '~1.0.0',
124 silly install resolved        inherits: '~2.0.1',
124 silly install resolved        isarray: '0.0.1',
124 silly install resolved        'process-nextick-args': '~1.0.0',
124 silly install resolved        string_decoder: '~0.10.x',
124 silly install resolved        'util-deprecate': '~1.0.1' },
124 silly install resolved     devDependencies: { tap: '~0.2.6', tape: '~4.0.0', zuul: '~3.0.0' },
124 silly install resolved     scripts:
124 silly install resolved      { test: 'tap test/parallel/*.js',
124 silly install resolved        browser: 'zuul --browser-name $BROWSER_NAME --browser-version $BROWSER_VERSION -- test/browser.js' },
124 silly install resolved     repository:
124 silly install resolved      { type: 'git',
124 silly install resolved        url: 'git://github.com/nodejs/readable-stream.git' },
124 silly install resolved     keywords: [ 'readable', 'stream', 'pipe' ],
124 silly install resolved     browser: { util: false },
124 silly install resolved     license: 'MIT',
124 silly install resolved     gitHead: '1a70134a71196eeabb5e27bc7580faaa68d30513',
124 silly install resolved     bugs: { url: 'https://github.com/nodejs/readable-stream/issues' },
124 silly install resolved     homepage: 'https://github.com/nodejs/readable-stream#readme',
124 silly install resolved     _id: 'readable-stream@2.0.2',
124 silly install resolved     _shasum: 'bec81beae8cf455168bc2e5b2b31f5bcfaed9b1b',
124 silly install resolved     _from: 'readable-stream@>=2.0.1 <3.0.0',
124 silly install resolved     _npmVersion: '2.11.1',
124 silly install resolved     _nodeVersion: '2.3.0',
124 silly install resolved     _npmUser: { name: 'cwmma', email: 'calvin.metcalf@gmail.com' },
124 silly install resolved     dist:
124 silly install resolved      { shasum: 'bec81beae8cf455168bc2e5b2b31f5bcfaed9b1b',
124 silly install resolved        tarball: 'http://registry.npmjs.org/readable-stream/-/readable-stream-2.0.2.tgz' },
124 silly install resolved     maintainers: [ [Object], [Object], [Object], [Object] ],
124 silly install resolved     directories: {},
124 silly install resolved     _resolved: 'https://registry.npmjs.org/readable-stream/-/readable-stream-2.0.2.tgz',
124 silly install resolved     readme: 'ERROR: No README data found!' } ]
125 info install readable-stream@2.0.2 into /Applications/My-Project/nearbook/nearbooks_ionic/node_modules/merge-stream
126 info installOne readable-stream@2.0.2
127 verbose installOne of readable-stream to /Applications/My-Project/nearbook/nearbooks_ionic/node_modules/merge-stream not in flight; installing
128 verbose lock using /Users/jianbozhang/.npm/_locks/readable-stream-524781db26f3bf27.lock for /Applications/My-Project/nearbook/nearbooks_ionic/node_modules/merge-stream/node_modules/readable-stream
129 silly install write writing readable-stream 2.0.2 to /Applications/My-Project/nearbook/nearbooks_ionic/node_modules/merge-stream/node_modules/readable-stream
130 verbose unbuild node_modules/merge-stream/node_modules/readable-stream
131 silly gentlyRm /Applications/My-Project/nearbook/nearbooks_ionic/node_modules/merge-stream/node_modules/readable-stream is being purged from base /Applications/My-Project/nearbook/nearbooks_ionic
132 verbose gentlyRm don't care about contents; nuking /Applications/My-Project/nearbook/nearbooks_ionic/node_modules/merge-stream/node_modules/readable-stream
133 verbose tar unpack /Users/jianbozhang/.npm/readable-stream/2.0.2/package.tgz
134 verbose tar unpacking to /Applications/My-Project/nearbook/nearbooks_ionic/node_modules/merge-stream/node_modules/readable-stream
135 silly gentlyRm /Applications/My-Project/nearbook/nearbooks_ionic/node_modules/merge-stream/node_modules/readable-stream is being purged
136 verbose gentlyRm don't care about contents; nuking /Applications/My-Project/nearbook/nearbooks_ionic/node_modules/merge-stream/node_modules/readable-stream
137 silly gunzTarPerm modes [ '755', '644' ]
138 silly gunzTarPerm extractEntry package.json
139 silly gunzTarPerm extractEntry .npmignore
140 silly gunzTarPerm extractEntry README.md
141 silly gunzTarPerm extractEntry LICENSE
142 silly gunzTarPerm extractEntry writable.js
143 silly gunzTarPerm extractEntry duplex.js
144 silly gunzTarPerm extractEntry transform.js
145 silly gunzTarPerm extractEntry passthrough.js
146 silly gunzTarPerm extractEntry readable.js
147 silly gunzTarPerm extractEntry lib/_stream_duplex.js
148 silly gunzTarPerm extractEntry lib/_stream_passthrough.js
149 silly gunzTarPerm extractEntry lib/_stream_readable.js
150 silly gunzTarPerm extractEntry lib/_stream_transform.js
151 silly gunzTarPerm extractEntry lib/_stream_writable.js
152 silly gunzTarPerm extractEntry .travis.yml
153 silly gunzTarPerm extractEntry doc/stream.markdown
154 silly gunzTarPerm extractEntry doc/wg-meetings/2015-01-30.md
155 silly gunzTarPerm extractEntry .zuul.yml
156 verbose write writing to /Applications/My-Project/nearbook/nearbooks_ionic/node_modules/merge-stream/node_modules/readable-stream/package.json
157 info preinstall readable-stream@2.0.2
158 verbose readDependencies loading dependencies from /Applications/My-Project/nearbook/nearbooks_ionic/node_modules/merge-stream/node_modules/readable-stream/package.json
159 silly prepareForInstallMany adding core-util-is@~1.0.0 from readable-stream dependencies
160 silly prepareForInstallMany adding inherits@~2.0.1 from readable-stream dependencies
161 silly prepareForInstallMany adding isarray@0.0.1 from readable-stream dependencies
162 silly prepareForInstallMany adding process-nextick-args@~1.0.0 from readable-stream dependencies
163 silly prepareForInstallMany adding string_decoder@~0.10.x from readable-stream dependencies
164 silly prepareForInstallMany adding util-deprecate@~1.0.1 from readable-stream dependencies
165 verbose readDependencies loading dependencies from /Applications/My-Project/nearbook/nearbooks_ionic/node_modules/merge-stream/node_modules/readable-stream/package.json
166 silly cache add args [ 'core-util-is@~1.0.0', null ]
167 verbose cache add spec core-util-is@~1.0.0
168 silly cache add args [ 'inherits@~2.0.1', null ]
169 verbose cache add spec inherits@~2.0.1
170 silly cache add parsed spec Result {
170 silly cache add   raw: 'core-util-is@~1.0.0',
170 silly cache add   scope: null,
170 silly cache add   name: 'core-util-is',
170 silly cache add   rawSpec: '~1.0.0',
170 silly cache add   spec: '>=1.0.0 <1.1.0',
170 silly cache add   type: 'range' }
171 silly addNamed core-util-is@>=1.0.0 <1.1.0
172 verbose addNamed ">=1.0.0 <1.1.0" is a valid semver range for core-util-is
173 silly addNameRange { name: 'core-util-is', range: '>=1.0.0 <1.1.0', hasData: false }
174 silly mapToRegistry name core-util-is
175 silly mapToRegistry using default registry
176 silly mapToRegistry registry https://registry.npmjs.org/
177 silly mapToRegistry uri https://registry.npmjs.org/core-util-is
178 verbose addNameRange registry:https://registry.npmjs.org/core-util-is not in flight; fetching
179 silly cache add parsed spec Result {
179 silly cache add   raw: 'inherits@~2.0.1',
179 silly cache add   scope: null,
179 silly cache add   name: 'inherits',
179 silly cache add   rawSpec: '~2.0.1',
179 silly cache add   spec: '>=2.0.1 <2.1.0',
179 silly cache add   type: 'range' }
180 silly addNamed inherits@>=2.0.1 <2.1.0
181 verbose addNamed ">=2.0.1 <2.1.0" is a valid semver range for inherits
182 silly addNameRange { name: 'inherits', range: '>=2.0.1 <2.1.0', hasData: false }
183 silly mapToRegistry name inherits
184 silly mapToRegistry using default registry
185 silly mapToRegistry registry https://registry.npmjs.org/
186 silly mapToRegistry uri https://registry.npmjs.org/inherits
187 verbose addNameRange registry:https://registry.npmjs.org/inherits not in flight; fetching
188 silly cache add args [ 'isarray@0.0.1', null ]
189 verbose cache add spec isarray@0.0.1
190 silly cache add parsed spec Result {
190 silly cache add   raw: 'isarray@0.0.1',
190 silly cache add   scope: null,
190 silly cache add   name: 'isarray',
190 silly cache add   rawSpec: '0.0.1',
190 silly cache add   spec: '0.0.1',
190 silly cache add   type: 'version' }
191 silly addNamed isarray@0.0.1
192 verbose addNamed "0.0.1" is a plain semver version for isarray
193 silly mapToRegistry name isarray
194 silly mapToRegistry using default registry
195 silly mapToRegistry registry https://registry.npmjs.org/
196 silly mapToRegistry uri https://registry.npmjs.org/isarray
197 verbose addNameVersion registry:https://registry.npmjs.org/isarray not in flight; fetching
198 silly cache add args [ 'process-nextick-args@~1.0.0', null ]
199 verbose cache add spec process-nextick-args@~1.0.0
200 silly cache add parsed spec Result {
200 silly cache add   raw: 'process-nextick-args@~1.0.0',
200 silly cache add   scope: null,
200 silly cache add   name: 'process-nextick-args',
200 silly cache add   rawSpec: '~1.0.0',
200 silly cache add   spec: '>=1.0.0 <1.1.0',
200 silly cache add   type: 'range' }
201 silly addNamed process-nextick-args@>=1.0.0 <1.1.0
202 verbose addNamed ">=1.0.0 <1.1.0" is a valid semver range for process-nextick-args
203 silly addNameRange { name: 'process-nextick-args',
203 silly addNameRange   range: '>=1.0.0 <1.1.0',
203 silly addNameRange   hasData: false }
204 silly mapToRegistry name process-nextick-args
205 silly mapToRegistry using default registry
206 silly mapToRegistry registry https://registry.npmjs.org/
207 silly mapToRegistry uri https://registry.npmjs.org/process-nextick-args
208 verbose addNameRange registry:https://registry.npmjs.org/process-nextick-args not in flight; fetching
209 silly cache add args [ 'string_decoder@~0.10.x', null ]
210 verbose cache add spec string_decoder@~0.10.x
211 silly cache add parsed spec Result {
211 silly cache add   raw: 'string_decoder@~0.10.x',
211 silly cache add   scope: null,
211 silly cache add   name: 'string_decoder',
211 silly cache add   rawSpec: '~0.10.x',
211 silly cache add   spec: '>=0.10.0 <0.11.0',
211 silly cache add   type: 'range' }
212 silly addNamed string_decoder@>=0.10.0 <0.11.0
213 verbose addNamed ">=0.10.0 <0.11.0" is a valid semver range for string_decoder
214 silly addNameRange { name: 'string_decoder',
214 silly addNameRange   range: '>=0.10.0 <0.11.0',
214 silly addNameRange   hasData: false }
215 silly mapToRegistry name string_decoder
216 silly mapToRegistry using default registry
217 silly mapToRegistry registry https://registry.npmjs.org/
218 silly mapToRegistry uri https://registry.npmjs.org/string_decoder
219 verbose addNameRange registry:https://registry.npmjs.org/string_decoder not in flight; fetching
220 silly cache add args [ 'util-deprecate@~1.0.1', null ]
221 verbose cache add spec util-deprecate@~1.0.1
222 silly cache add parsed spec Result {
222 silly cache add   raw: 'util-deprecate@~1.0.1',
222 silly cache add   scope: null,
222 silly cache add   name: 'util-deprecate',
222 silly cache add   rawSpec: '~1.0.1',
222 silly cache add   spec: '>=1.0.1 <1.1.0',
222 silly cache add   type: 'range' }
223 silly addNamed util-deprecate@>=1.0.1 <1.1.0
224 verbose addNamed ">=1.0.1 <1.1.0" is a valid semver range for util-deprecate
225 silly addNameRange { name: 'util-deprecate',
225 silly addNameRange   range: '>=1.0.1 <1.1.0',
225 silly addNameRange   hasData: false }
226 silly mapToRegistry name util-deprecate
227 silly mapToRegistry using default registry
228 silly mapToRegistry registry https://registry.npmjs.org/
229 silly mapToRegistry uri https://registry.npmjs.org/util-deprecate
230 verbose addNameRange registry:https://registry.npmjs.org/util-deprecate not in flight; fetching
231 verbose request uri https://registry.npmjs.org/inherits
232 verbose request no auth needed
233 info attempt registry request try #1 at 15:27:41
234 verbose etag "5SOR0552WQRN04ZAETOTU2KP"
235 http request GET https://registry.npmjs.org/inherits
236 verbose request uri https://registry.npmjs.org/core-util-is
237 verbose request no auth needed
238 info attempt registry request try #1 at 15:27:41
239 verbose etag "2LEHZXOXYM780PTSYSBI38JRU"
240 http request GET https://registry.npmjs.org/core-util-is
241 verbose request uri https://registry.npmjs.org/isarray
242 verbose request no auth needed
243 info attempt registry request try #1 at 15:27:41
244 verbose etag "79XQA3ZXVF5QN0X2VYCD81HMN"
245 http request GET https://registry.npmjs.org/isarray
246 verbose request uri https://registry.npmjs.org/process-nextick-args
247 verbose request no auth needed
248 info attempt registry request try #1 at 15:27:41
249 verbose etag "6OPXHU51BQUEYK369TBOG6LM0"
250 http request GET https://registry.npmjs.org/process-nextick-args
251 verbose request uri https://registry.npmjs.org/string_decoder
252 verbose request no auth needed
253 info attempt registry request try #1 at 15:27:41
254 verbose etag "89NG6AVWTXZBFGLGXXUONULF1"
255 http request GET https://registry.npmjs.org/string_decoder
256 verbose request uri https://registry.npmjs.org/util-deprecate
257 verbose request no auth needed
258 info attempt registry request try #1 at 15:27:41
259 verbose etag "6QE28V2LB8MNW24M5A7FHXCN6"
260 http request GET https://registry.npmjs.org/util-deprecate
261 http 304 https://registry.npmjs.org/core-util-is
262 silly get cb [ 304,
262 silly get   { date: 'Tue, 15 Sep 2015 07:27:41 GMT',
262 silly get     via: '1.1 varnish',
262 silly get     'cache-control': 'max-age=60',
262 silly get     etag: '"2LEHZXOXYM780PTSYSBI38JRU"',
262 silly get     age: '18',
262 silly get     connection: 'keep-alive',
262 silly get     'x-served-by': 'cache-itm7421-ITM',
262 silly get     'x-cache': 'HIT',
262 silly get     'x-cache-hits': '2',
262 silly get     'x-timer': 'S1442302061.388739,VS0,VE0',
262 silly get     vary: 'Accept' } ]
263 verbose etag https://registry.npmjs.org/core-util-is from cache
264 verbose get saving core-util-is to /Users/jianbozhang/.npm/registry.npmjs.org/core-util-is/.cache.json
265 http 304 https://registry.npmjs.org/process-nextick-args
266 silly get cb [ 304,
266 silly get   { date: 'Tue, 15 Sep 2015 07:27:41 GMT',
266 silly get     via: '1.1 varnish',
266 silly get     'cache-control': 'max-age=60',
266 silly get     etag: '"6OPXHU51BQUEYK369TBOG6LM0"',
266 silly get     age: '59',
266 silly get     connection: 'keep-alive',
266 silly get     'x-served-by': 'cache-itm7420-ITM',
266 silly get     'x-cache': 'HIT',
266 silly get     'x-cache-hits': '72',
266 silly get     'x-timer': 'S1442302061.393273,VS0,VE0',
266 silly get     vary: 'Accept' } ]
267 verbose etag https://registry.npmjs.org/process-nextick-args from cache
268 verbose get saving process-nextick-args to /Users/jianbozhang/.npm/registry.npmjs.org/process-nextick-args/.cache.json
269 http 304 https://registry.npmjs.org/isarray
270 silly get cb [ 304,
270 silly get   { date: 'Tue, 15 Sep 2015 07:27:41 GMT',
270 silly get     via: '1.1 varnish',
270 silly get     'cache-control': 'max-age=60',
270 silly get     etag: '"79XQA3ZXVF5QN0X2VYCD81HMN"',
270 silly get     age: '18',
270 silly get     connection: 'keep-alive',
270 silly get     'x-served-by': 'cache-itm7427-ITM',
270 silly get     'x-cache': 'HIT',
270 silly get     'x-cache-hits': '1',
270 silly get     'x-timer': 'S1442302061.392445,VS0,VE0',
270 silly get     vary: 'Accept' } ]
271 verbose etag https://registry.npmjs.org/isarray from cache
272 verbose get saving isarray to /Users/jianbozhang/.npm/registry.npmjs.org/isarray/.cache.json
273 silly addNameRange number 2 { name: 'core-util-is', range: '>=1.0.0 <1.1.0', hasData: true }
274 silly addNameRange versions [ 'core-util-is', [ '1.0.0', '1.0.1' ] ]
275 silly addNamed core-util-is@1.0.1
276 verbose addNamed "1.0.1" is a plain semver version for core-util-is
277 http 304 https://registry.npmjs.org/string_decoder
278 silly get cb [ 304,
278 silly get   { date: 'Tue, 15 Sep 2015 07:27:41 GMT',
278 silly get     via: '1.1 varnish',
278 silly get     'cache-control': 'max-age=60',
278 silly get     etag: '"89NG6AVWTXZBFGLGXXUONULF1"',
278 silly get     age: '18',
278 silly get     connection: 'keep-alive',
278 silly get     'x-served-by': 'cache-itm7422-ITM',
278 silly get     'x-cache': 'HIT',
278 silly get     'x-cache-hits': '12',
278 silly get     'x-timer': 'S1442302061.394739,VS0,VE0',
278 silly get     vary: 'Accept' } ]
279 verbose etag https://registry.npmjs.org/string_decoder from cache
280 verbose get saving string_decoder to /Users/jianbozhang/.npm/registry.npmjs.org/string_decoder/.cache.json
281 http 304 https://registry.npmjs.org/util-deprecate
282 silly get cb [ 304,
282 silly get   { date: 'Tue, 15 Sep 2015 07:27:41 GMT',
282 silly get     via: '1.1 varnish',
282 silly get     'cache-control': 'max-age=60',
282 silly get     etag: '"6QE28V2LB8MNW24M5A7FHXCN6"',
282 silly get     age: '59',
282 silly get     connection: 'keep-alive',
282 silly get     'x-served-by': 'cache-itm7425-ITM',
282 silly get     'x-cache': 'HIT',
282 silly get     'x-cache-hits': '14',
282 silly get     'x-timer': 'S1442302061.395178,VS0,VE0',
282 silly get     vary: 'Accept' } ]
283 verbose etag https://registry.npmjs.org/util-deprecate from cache
284 verbose get saving util-deprecate to /Users/jianbozhang/.npm/registry.npmjs.org/util-deprecate/.cache.json
285 silly addNameRange number 2 { name: 'process-nextick-args',
285 silly addNameRange   range: '>=1.0.0 <1.1.0',
285 silly addNameRange   hasData: true }
286 silly addNameRange versions [ 'process-nextick-args',
286 silly addNameRange   [ '1.0.0', '1.0.1', '1.0.2', '1.0.3' ] ]
287 silly addNamed process-nextick-args@1.0.3
288 verbose addNamed "1.0.3" is a plain semver version for process-nextick-args
289 silly cache afterAdd core-util-is@1.0.1
290 verbose afterAdd /Users/jianbozhang/.npm/core-util-is/1.0.1/package/package.json not in flight; writing
291 silly addNameRange number 2 { name: 'string_decoder',
291 silly addNameRange   range: '>=0.10.0 <0.11.0',
291 silly addNameRange   hasData: true }
292 silly addNameRange versions [ 'string_decoder',
292 silly addNameRange   [ '0.0.0',
292 silly addNameRange     '0.0.1',
292 silly addNameRange     '0.10.24',
292 silly addNameRange     '0.11.10',
292 silly addNameRange     '0.10.25',
292 silly addNameRange     '0.11.10-1',
292 silly addNameRange     '0.10.25-1',
292 silly addNameRange     '0.10.31' ] ]
293 silly addNamed string_decoder@0.10.31
294 verbose addNamed "0.10.31" is a plain semver version for string_decoder
295 silly cache afterAdd process-nextick-args@1.0.3
296 verbose afterAdd /Users/jianbozhang/.npm/process-nextick-args/1.0.3/package/package.json not in flight; writing
297 silly addNameRange number 2 { name: 'util-deprecate',
297 silly addNameRange   range: '>=1.0.1 <1.1.0',
297 silly addNameRange   hasData: true }
298 silly addNameRange versions [ 'util-deprecate', [ '1.0.0', '1.0.1' ] ]
299 silly addNamed util-deprecate@1.0.1
300 verbose addNamed "1.0.1" is a plain semver version for util-deprecate
301 verbose afterAdd /Users/jianbozhang/.npm/core-util-is/1.0.1/package/package.json written
302 silly cache afterAdd isarray@0.0.1
303 verbose afterAdd /Users/jianbozhang/.npm/isarray/0.0.1/package/package.json not in flight; writing
304 silly cache afterAdd string_decoder@0.10.31
305 verbose afterAdd /Users/jianbozhang/.npm/string_decoder/0.10.31/package/package.json not in flight; writing
306 verbose afterAdd /Users/jianbozhang/.npm/process-nextick-args/1.0.3/package/package.json written
307 silly cache afterAdd util-deprecate@1.0.1
308 verbose afterAdd /Users/jianbozhang/.npm/util-deprecate/1.0.1/package/package.json not in flight; writing
309 verbose afterAdd /Users/jianbozhang/.npm/isarray/0.0.1/package/package.json written
310 verbose afterAdd /Users/jianbozhang/.npm/string_decoder/0.10.31/package/package.json written
311 verbose afterAdd /Users/jianbozhang/.npm/util-deprecate/1.0.1/package/package.json written
312 http 304 https://registry.npmjs.org/inherits
313 silly get cb [ 304,
313 silly get   { date: 'Tue, 15 Sep 2015 07:27:41 GMT',
313 silly get     via: '1.1 varnish',
313 silly get     'cache-control': 'max-age=60',
313 silly get     etag: '"5SOR0552WQRN04ZAETOTU2KP"',
313 silly get     age: '0',
313 silly get     connection: 'keep-alive',
313 silly get     'x-served-by': 'cache-itm7422-ITM',
313 silly get     'x-cache': 'HIT',
313 silly get     'x-cache-hits': '1',
313 silly get     'x-timer': 'S1442302061.385475,VS0,VE761',
313 silly get     vary: 'Accept' } ]
314 verbose etag https://registry.npmjs.org/inherits from cache
315 verbose get saving inherits to /Users/jianbozhang/.npm/registry.npmjs.org/inherits/.cache.json
316 silly addNameRange number 2 { name: 'inherits', range: '>=2.0.1 <2.1.0', hasData: true }
317 silly addNameRange versions [ 'inherits', [ '1.0.0', '2.0.0', '2.0.1', '1.0.1', '1.0.2' ] ]
318 silly addNamed inherits@2.0.1
319 verbose addNamed "2.0.1" is a plain semver version for inherits
320 silly cache afterAdd inherits@2.0.1
321 verbose afterAdd /Users/jianbozhang/.npm/inherits/2.0.1/package/package.json not in flight; writing
322 verbose afterAdd /Users/jianbozhang/.npm/inherits/2.0.1/package/package.json written
323 silly install resolved [ { name: 'core-util-is',
323 silly install resolved     version: '1.0.1',
323 silly install resolved     description: 'The `util.is*` functions introduced in Node v0.12.',
323 silly install resolved     main: 'lib/util.js',
323 silly install resolved     repository: { type: 'git', url: 'git://github.com/isaacs/core-util-is.git' },
323 silly install resolved     keywords:
323 silly install resolved      [ 'util',
323 silly install resolved        'isBuffer',
323 silly install resolved        'isArray',
323 silly install resolved        'isNumber',
323 silly install resolved        'isString',
323 silly install resolved        'isRegExp',
323 silly install resolved        'isThis',
323 silly install resolved        'isThat',
323 silly install resolved        'polyfill' ],
323 silly install resolved     author:
323 silly install resolved      { name: 'Isaac Z. Schlueter',
323 silly install resolved        email: 'i@izs.me',
323 silly install resolved        url: 'http://blog.izs.me/' },
323 silly install resolved     license: 'MIT',
323 silly install resolved     bugs: { url: 'https://github.com/isaacs/core-util-is/issues' },
323 silly install resolved     readme: '# core-util-is\n\nThe `util.is*` functions introduced in Node v0.12.\n',
323 silly install resolved     readmeFilename: 'README.md',
323 silly install resolved     homepage: 'https://github.com/isaacs/core-util-is',
323 silly install resolved     _id: 'core-util-is@1.0.1',
323 silly install resolved     dist:
323 silly install resolved      { shasum: '6b07085aef9a3ccac6ee53bf9d3df0c1521a5538',
323 silly install resolved        tarball: 'http://registry.npmjs.org/core-util-is/-/core-util-is-1.0.1.tgz' },
323 silly install resolved     _from: 'core-util-is@>=1.0.0 <1.1.0',
323 silly install resolved     _npmVersion: '1.3.23',
323 silly install resolved     _npmUser: { name: 'isaacs', email: 'i@izs.me' },
323 silly install resolved     maintainers: [ [Object] ],
323 silly install resolved     directories: {},
323 silly install resolved     _shasum: '6b07085aef9a3ccac6ee53bf9d3df0c1521a5538',
323 silly install resolved     _resolved: 'https://registry.npmjs.org/core-util-is/-/core-util-is-1.0.1.tgz' },
323 silly install resolved   { name: 'process-nextick-args',
323 silly install resolved     version: '1.0.3',
323 silly install resolved     description: 'process.nextTick but always with args',
323 silly install resolved     main: 'index.js',
323 silly install resolved     scripts: { test: 'node test.js' },
323 silly install resolved     repository:
323 silly install resolved      { type: 'git',
323 silly install resolved        url: 'git+https://github.com/calvinmetcalf/process-nextick-args.git' },
323 silly install resolved     author: '',
323 silly install resolved     license: 'MIT',
323 silly install resolved     bugs: { url: 'https://github.com/calvinmetcalf/process-nextick-args/issues' },
323 silly install resolved     homepage: 'https://github.com/calvinmetcalf/process-nextick-args',
323 silly install resolved     devDependencies: { tap: '~0.2.6' },
323 silly install resolved     gitHead: 'e855846a69662b9489f1ad3dde1ebf2ccc4370b8',
323 silly install resolved     _id: 'process-nextick-args@1.0.3',
323 silly install resolved     _shasum: 'e272eed825d5e9f4ea74d8d73b1fe311c3beb630',
323 silly install resolved     _from: 'process-nextick-args@>=1.0.0 <1.1.0',
323 silly install resolved     _npmVersion: '2.9.0',
323 silly install resolved     _nodeVersion: '2.5.0',
323 silly install resolved     _npmUser: { name: 'cwmma', email: 'calvin.metcalf@gmail.com' },
323 silly install resolved     dist:
323 silly install resolved      { shasum: 'e272eed825d5e9f4ea74d8d73b1fe311c3beb630',
323 silly install resolved        tarball: 'http://registry.npmjs.org/process-nextick-args/-/process-nextick-args-1.0.3.tgz' },
323 silly install resolved     maintainers: [ [Object] ],
323 silly install resolved     directories: {},
323 silly install resolved     _resolved: 'https://registry.npmjs.org/process-nextick-args/-/process-nextick-args-1.0.3.tgz',
323 silly install resolved     readme: 'ERROR: No README data found!' },
323 silly install resolved   { name: 'isarray',
323 silly install resolved     description: 'Array#isArray for older browsers',
323 silly install resolved     version: '0.0.1',
323 silly install resolved     repository:
323 silly install resolved      { type: 'git',
323 silly install resolved        url: 'git://github.com/juliangruber/isarray.git' },
323 silly install resolved     homepage: 'https://github.com/juliangruber/isarray',
323 silly install resolved     main: 'index.js',
323 silly install resolved     scripts: { test: 'tap test/*.js' },
323 silly install resolved     dependencies: {},
323 silly install resolved     devDependencies: { tap: '*' },
323 silly install resolved     keywords: [ 'browser', 'isarray', 'array' ],
323 silly install resolved     author:
323 silly install resolved      { name: 'Julian Gruber',
323 silly install resolved        email: 'mail@juliangruber.com',
323 silly install resolved        url: 'http://juliangruber.com' },
323 silly install resolved     license: 'MIT',
323 silly install resolved     _id: 'isarray@0.0.1',
323 silly install resolved     dist:
323 silly install resolved      { shasum: '8a18acfca9a8f4177e09abfc6038939b05d1eedf',
323 silly install resolved        tarball: 'http://registry.npmjs.org/isarray/-/isarray-0.0.1.tgz' },
323 silly install resolved     _from: 'isarray@0.0.1',
323 silly install resolved     _npmVersion: '1.2.18',
323 silly install resolved     _npmUser: { name: 'juliangruber', email: 'julian@juliangruber.com' },
323 silly install resolved     maintainers: [ [Object] ],
323 silly install resolved     directories: {},
323 silly install resolved     _shasum: '8a18acfca9a8f4177e09abfc6038939b05d1eedf',
323 silly install resolved     _resolved: 'https://registry.npmjs.org/isarray/-/isarray-0.0.1.tgz',
323 silly install resolved     bugs: { url: 'https://github.com/juliangruber/isarray/issues' },
323 silly install resolved     readme: 'ERROR: No README data found!' },
323 silly install resolved   { name: 'string_decoder',
323 silly install resolved     version: '0.10.31',
323 silly install resolved     description: 'The string_decoder module from Node core',
323 silly install resolved     main: 'index.js',
323 silly install resolved     dependencies: {},
323 silly install resolved     devDependencies: { tap: '~0.4.8' },
323 silly install resolved     scripts: { test: 'tap test/simple/*.js' },
323 silly install resolved     repository:
323 silly install resolved      { type: 'git',
323 silly install resolved        url: 'git://github.com/rvagg/string_decoder.git' },
323 silly install resolved     homepage: 'https://github.com/rvagg/string_decoder',
323 silly install resolved     keywords: [ 'string', 'decoder', 'browser', 'browserify' ],
323 silly install resolved     license: 'MIT',
323 silly install resolved     gitHead: 'd46d4fd87cf1d06e031c23f1ba170ca7d4ade9a0',
323 silly install resolved     bugs: { url: 'https://github.com/rvagg/string_decoder/issues' },
323 silly install resolved     _id: 'string_decoder@0.10.31',
323 silly install resolved     _shasum: '62e203bc41766c6c28c9fc84301dab1c5310fa94',
323 silly install resolved     _from: 'string_decoder@>=0.10.0 <0.11.0',
323 silly install resolved     _npmVersion: '1.4.23',
323 silly install resolved     _npmUser: { name: 'rvagg', email: 'rod@vagg.org' },
323 silly install resolved     maintainers: [ [Object], [Object] ],
323 silly install resolved     dist:
323 silly install resolved      { shasum: '62e203bc41766c6c28c9fc84301dab1c5310fa94',
323 silly install resolved        tarball: 'http://registry.npmjs.org/string_decoder/-/string_decoder-0.10.31.tgz' },
323 silly install resolved     directories: {},
323 silly install resolved     _resolved: 'https://registry.npmjs.org/string_decoder/-/string_decoder-0.10.31.tgz',
323 silly install resolved     readme: 'ERROR: No README data found!' },
323 silly install resolved   { name: 'util-deprecate',
323 silly install resolved     version: '1.0.1',
323 silly install resolved     description: 'The Node.js `util.deprecate()` function with browser support',
323 silly install resolved     main: 'node.js',
323 silly install resolved     browser: 'browser.js',
323 silly install resolved     scripts: { test: 'echo "Error: no test specified" && exit 1' },
323 silly install resolved     repository:
323 silly install resolved      { type: 'git',
323 silly install resolved        url: 'git://github.com/TooTallNate/util-deprecate.git' },
323 silly install resolved     keywords: [ 'util', 'deprecate', 'browserify', 'browser', 'node' ],
323 silly install resolved     author:
323 silly install resolved      { name: 'Nathan Rajlich',
323 silly install resolved        email: 'nathan@tootallnate.net',
323 silly install resolved        url: 'http://n8.io/' },
323 silly install resolved     license: 'MIT',
323 silly install resolved     bugs: { url: 'https://github.com/TooTallNate/util-deprecate/issues' },
323 silly install resolved     homepage: 'https://github.com/TooTallNate/util-deprecate',
323 silly install resolved     gitHead: '6e923f7d98a0afbe5b9c7db9d0f0029c1936746c',
323 silly install resolved     _id: 'util-deprecate@1.0.1',
323 silly install resolved     _shasum: '3556a3d13c4c6aa7983d7e2425478197199b7881',
323 silly install resolved     _from: 'util-deprecate@>=1.0.1 <1.1.0',
323 silly install resolved     _npmVersion: '1.4.28',
323 silly install resolved     _npmUser: { name: 'tootallnate', email: 'nathan@tootallnate.net' },
323 silly install resolved     maintainers: [ [Object] ],
323 silly install resolved     dist:
323 silly install resolved      { shasum: '3556a3d13c4c6aa7983d7e2425478197199b7881',
323 silly install resolved        tarball: 'http://registry.npmjs.org/util-deprecate/-/util-deprecate-1.0.1.tgz' },
323 silly install resolved     directories: {},
323 silly install resolved     _resolved: 'https://registry.npmjs.org/util-deprecate/-/util-deprecate-1.0.1.tgz',
323 silly install resolved     readme: 'ERROR: No README data found!' },
323 silly install resolved   { name: 'inherits',
323 silly install resolved     description: 'Browser-friendly inheritance fully compatible with standard node.js inherits()',
323 silly install resolved     version: '2.0.1',
323 silly install resolved     keywords:
323 silly install resolved      [ 'inheritance',
323 silly install resolved        'class',
323 silly install resolved        'klass',
323 silly install resolved        'oop',
323 silly install resolved        'object-oriented',
323 silly install resolved        'inherits',
323 silly install resolved        'browser',
323 silly install resolved        'browserify' ],
323 silly install resolved     main: './inherits.js',
323 silly install resolved     browser: './inherits_browser.js',
323 silly install resolved     repository: { type: 'git', url: 'git://github.com/isaacs/inherits.git' },
323 silly install resolved     license: 'ISC',
323 silly install resolved     scripts: { test: 'node test' },
323 silly install resolved     bugs: { url: 'https://github.com/isaacs/inherits/issues' },
323 silly install resolved     _id: 'inherits@2.0.1',
323 silly install resolved     dist:
323 silly install resolved      { shasum: 'b17d08d326b4423e568eff719f91b0b1cbdf69f1',
323 silly install resolved        tarball: 'http://registry.npmjs.org/inherits/-/inherits-2.0.1.tgz' },
323 silly install resolved     _from: 'inherits@>=2.0.1 <2.1.0',
323 silly install resolved     _npmVersion: '1.3.8',
323 silly install resolved     _npmUser: { name: 'isaacs', email: 'i@izs.me' },
323 silly install resolved     maintainers: [ [Object] ],
323 silly install resolved     directories: {},
323 silly install resolved     _shasum: 'b17d08d326b4423e568eff719f91b0b1cbdf69f1',
323 silly install resolved     _resolved: 'https://registry.npmjs.org/inherits/-/inherits-2.0.1.tgz',
323 silly install resolved     readme: 'ERROR: No README data found!',
323 silly install resolved     homepage: 'https://github.com/isaacs/inherits#readme' } ]
324 info install core-util-is@1.0.1 into /Applications/My-Project/nearbook/nearbooks_ionic/node_modules/merge-stream/node_modules/readable-stream
325 info install process-nextick-args@1.0.3 into /Applications/My-Project/nearbook/nearbooks_ionic/node_modules/merge-stream/node_modules/readable-stream
326 info install isarray@0.0.1 into /Applications/My-Project/nearbook/nearbooks_ionic/node_modules/merge-stream/node_modules/readable-stream
327 info install string_decoder@0.10.31 into /Applications/My-Project/nearbook/nearbooks_ionic/node_modules/merge-stream/node_modules/readable-stream
328 info install util-deprecate@1.0.1 into /Applications/My-Project/nearbook/nearbooks_ionic/node_modules/merge-stream/node_modules/readable-stream
329 info install inherits@2.0.1 into /Applications/My-Project/nearbook/nearbooks_ionic/node_modules/merge-stream/node_modules/readable-stream
330 info installOne core-util-is@1.0.1
331 verbose installOne of core-util-is to /Applications/My-Project/nearbook/nearbooks_ionic/node_modules/merge-stream/node_modules/readable-stream not in flight; installing
332 info installOne process-nextick-args@1.0.3
333 verbose installOne of process-nextick-args to /Applications/My-Project/nearbook/nearbooks_ionic/node_modules/merge-stream/node_modules/readable-stream not in flight; installing
334 info installOne isarray@0.0.1
335 verbose installOne of isarray to /Applications/My-Project/nearbook/nearbooks_ionic/node_modules/merge-stream/node_modules/readable-stream not in flight; installing
336 info installOne string_decoder@0.10.31
337 verbose installOne of string_decoder to /Applications/My-Project/nearbook/nearbooks_ionic/node_modules/merge-stream/node_modules/readable-stream not in flight; installing
338 info installOne util-deprecate@1.0.1
339 verbose installOne of util-deprecate to /Applications/My-Project/nearbook/nearbooks_ionic/node_modules/merge-stream/node_modules/readable-stream not in flight; installing
340 info installOne inherits@2.0.1
341 verbose installOne of inherits to /Applications/My-Project/nearbook/nearbooks_ionic/node_modules/merge-stream/node_modules/readable-stream not in flight; installing
342 verbose lock using /Users/jianbozhang/.npm/_locks/core-util-is-00d8dbfe6be391a7.lock for /Applications/My-Project/nearbook/nearbooks_ionic/node_modules/merge-stream/node_modules/readable-stream/node_modules/core-util-is
343 verbose lock using /Users/jianbozhang/.npm/_locks/process-nextick-args-01356c4c75dc8891.lock for /Applications/My-Project/nearbook/nearbooks_ionic/node_modules/merge-stream/node_modules/readable-stream/node_modules/process-nextick-args
344 verbose lock using /Users/jianbozhang/.npm/_locks/isarray-2228583252dfc90d.lock for /Applications/My-Project/nearbook/nearbooks_ionic/node_modules/merge-stream/node_modules/readable-stream/node_modules/isarray
345 silly install write writing core-util-is 1.0.1 to /Applications/My-Project/nearbook/nearbooks_ionic/node_modules/merge-stream/node_modules/readable-stream/node_modules/core-util-is
346 silly install write writing process-nextick-args 1.0.3 to /Applications/My-Project/nearbook/nearbooks_ionic/node_modules/merge-stream/node_modules/readable-stream/node_modules/process-nextick-args
347 silly install write writing isarray 0.0.1 to /Applications/My-Project/nearbook/nearbooks_ionic/node_modules/merge-stream/node_modules/readable-stream/node_modules/isarray
348 verbose lock using /Users/jianbozhang/.npm/_locks/string-decoder-a0cd8b1582d8d865.lock for /Applications/My-Project/nearbook/nearbooks_ionic/node_modules/merge-stream/node_modules/readable-stream/node_modules/string_decoder
349 verbose lock using /Users/jianbozhang/.npm/_locks/util-deprecate-5f211fb970d928eb.lock for /Applications/My-Project/nearbook/nearbooks_ionic/node_modules/merge-stream/node_modules/readable-stream/node_modules/util-deprecate
350 verbose lock using /Users/jianbozhang/.npm/_locks/inherits-fc31c699f6c8a525.lock for /Applications/My-Project/nearbook/nearbooks_ionic/node_modules/merge-stream/node_modules/readable-stream/node_modules/inherits
351 silly install write writing string_decoder 0.10.31 to /Applications/My-Project/nearbook/nearbooks_ionic/node_modules/merge-stream/node_modules/readable-stream/node_modules/string_decoder
352 silly install write writing util-deprecate 1.0.1 to /Applications/My-Project/nearbook/nearbooks_ionic/node_modules/merge-stream/node_modules/readable-stream/node_modules/util-deprecate
353 silly install write writing inherits 2.0.1 to /Applications/My-Project/nearbook/nearbooks_ionic/node_modules/merge-stream/node_modules/readable-stream/node_modules/inherits
354 verbose unbuild node_modules/merge-stream/node_modules/readable-stream/node_modules/core-util-is
355 verbose unbuild node_modules/merge-stream/node_modules/readable-stream/node_modules/process-nextick-args
356 verbose unbuild node_modules/merge-stream/node_modules/readable-stream/node_modules/isarray
357 verbose unbuild node_modules/merge-stream/node_modules/readable-stream/node_modules/string_decoder
358 verbose unbuild node_modules/merge-stream/node_modules/readable-stream/node_modules/util-deprecate
359 silly gentlyRm /Applications/My-Project/nearbook/nearbooks_ionic/node_modules/merge-stream/node_modules/readable-stream/node_modules/core-util-is is being purged from base /Applications/My-Project/nearbook/nearbooks_ionic
360 verbose gentlyRm don't care about contents; nuking /Applications/My-Project/nearbook/nearbooks_ionic/node_modules/merge-stream/node_modules/readable-stream/node_modules/core-util-is
361 silly gentlyRm /Applications/My-Project/nearbook/nearbooks_ionic/node_modules/merge-stream/node_modules/readable-stream/node_modules/process-nextick-args is being purged from base /Applications/My-Project/nearbook/nearbooks_ionic
362 verbose gentlyRm don't care about contents; nuking /Applications/My-Project/nearbook/nearbooks_ionic/node_modules/merge-stream/node_modules/readable-stream/node_modules/process-nextick-args
363 silly gentlyRm /Applications/My-Project/nearbook/nearbooks_ionic/node_modules/merge-stream/node_modules/readable-stream/node_modules/isarray is being purged from base /Applications/My-Project/nearbook/nearbooks_ionic
364 verbose gentlyRm don't care about contents; nuking /Applications/My-Project/nearbook/nearbooks_ionic/node_modules/merge-stream/node_modules/readable-stream/node_modules/isarray
365 verbose unbuild node_modules/merge-stream/node_modules/readable-stream/node_modules/inherits
366 verbose tar unpack /Users/jianbozhang/.npm/core-util-is/1.0.1/package.tgz
367 verbose tar unpacking to /Applications/My-Project/nearbook/nearbooks_ionic/node_modules/merge-stream/node_modules/readable-stream/node_modules/core-util-is
368 silly gentlyRm /Applications/My-Project/nearbook/nearbooks_ionic/node_modules/merge-stream/node_modules/readable-stream/node_modules/core-util-is is being purged
369 verbose gentlyRm don't care about contents; nuking /Applications/My-Project/nearbook/nearbooks_ionic/node_modules/merge-stream/node_modules/readable-stream/node_modules/core-util-is
370 verbose tar unpack /Users/jianbozhang/.npm/process-nextick-args/1.0.3/package.tgz
371 verbose tar unpacking to /Applications/My-Project/nearbook/nearbooks_ionic/node_modules/merge-stream/node_modules/readable-stream/node_modules/process-nextick-args
372 silly gentlyRm /Applications/My-Project/nearbook/nearbooks_ionic/node_modules/merge-stream/node_modules/readable-stream/node_modules/process-nextick-args is being purged
373 verbose gentlyRm don't care about contents; nuking /Applications/My-Project/nearbook/nearbooks_ionic/node_modules/merge-stream/node_modules/readable-stream/node_modules/process-nextick-args
374 verbose tar unpack /Users/jianbozhang/.npm/isarray/0.0.1/package.tgz
375 verbose tar unpacking to /Applications/My-Project/nearbook/nearbooks_ionic/node_modules/merge-stream/node_modules/readable-stream/node_modules/isarray
376 silly gentlyRm /Applications/My-Project/nearbook/nearbooks_ionic/node_modules/merge-stream/node_modules/readable-stream/node_modules/isarray is being purged
377 verbose gentlyRm don't care about contents; nuking /Applications/My-Project/nearbook/nearbooks_ionic/node_modules/merge-stream/node_modules/readable-stream/node_modules/isarray
378 silly gentlyRm /Applications/My-Project/nearbook/nearbooks_ionic/node_modules/merge-stream/node_modules/readable-stream/node_modules/string_decoder is being purged from base /Applications/My-Project/nearbook/nearbooks_ionic
379 verbose gentlyRm don't care about contents; nuking /Applications/My-Project/nearbook/nearbooks_ionic/node_modules/merge-stream/node_modules/readable-stream/node_modules/string_decoder
380 silly gentlyRm /Applications/My-Project/nearbook/nearbooks_ionic/node_modules/merge-stream/node_modules/readable-stream/node_modules/util-deprecate is being purged from base /Applications/My-Project/nearbook/nearbooks_ionic
381 verbose gentlyRm don't care about contents; nuking /Applications/My-Project/nearbook/nearbooks_ionic/node_modules/merge-stream/node_modules/readable-stream/node_modules/util-deprecate
382 silly gunzTarPerm modes [ '755', '644' ]
383 silly gunzTarPerm modes [ '755', '644' ]
384 silly gunzTarPerm modes [ '755', '644' ]
385 silly gentlyRm /Applications/My-Project/nearbook/nearbooks_ionic/node_modules/merge-stream/node_modules/readable-stream/node_modules/inherits is being purged from base /Applications/My-Project/nearbook/nearbooks_ionic
386 verbose gentlyRm don't care about contents; nuking /Applications/My-Project/nearbook/nearbooks_ionic/node_modules/merge-stream/node_modules/readable-stream/node_modules/inherits
387 verbose tar unpack /Users/jianbozhang/.npm/string_decoder/0.10.31/package.tgz
388 verbose tar unpacking to /Applications/My-Project/nearbook/nearbooks_ionic/node_modules/merge-stream/node_modules/readable-stream/node_modules/string_decoder
389 silly gentlyRm /Applications/My-Project/nearbook/nearbooks_ionic/node_modules/merge-stream/node_modules/readable-stream/node_modules/string_decoder is being purged
390 verbose gentlyRm don't care about contents; nuking /Applications/My-Project/nearbook/nearbooks_ionic/node_modules/merge-stream/node_modules/readable-stream/node_modules/string_decoder
391 verbose tar unpack /Users/jianbozhang/.npm/util-deprecate/1.0.1/package.tgz
392 verbose tar unpacking to /Applications/My-Project/nearbook/nearbooks_ionic/node_modules/merge-stream/node_modules/readable-stream/node_modules/util-deprecate
393 silly gentlyRm /Applications/My-Project/nearbook/nearbooks_ionic/node_modules/merge-stream/node_modules/readable-stream/node_modules/util-deprecate is being purged
394 verbose gentlyRm don't care about contents; nuking /Applications/My-Project/nearbook/nearbooks_ionic/node_modules/merge-stream/node_modules/readable-stream/node_modules/util-deprecate
395 verbose tar unpack /Users/jianbozhang/.npm/inherits/2.0.1/package.tgz
396 verbose tar unpacking to /Applications/My-Project/nearbook/nearbooks_ionic/node_modules/merge-stream/node_modules/readable-stream/node_modules/inherits
397 silly gentlyRm /Applications/My-Project/nearbook/nearbooks_ionic/node_modules/merge-stream/node_modules/readable-stream/node_modules/inherits is being purged
398 verbose gentlyRm don't care about contents; nuking /Applications/My-Project/nearbook/nearbooks_ionic/node_modules/merge-stream/node_modules/readable-stream/node_modules/inherits
399 silly gunzTarPerm modes [ '755', '644' ]
400 silly gunzTarPerm modes [ '755', '644' ]
401 silly gunzTarPerm modes [ '755', '644' ]
402 silly gunzTarPerm extractEntry package.json
403 silly gunzTarPerm extractEntry package.json
404 silly gunzTarPerm extractEntry package.json
405 silly gunzTarPerm extractEntry package.json
406 silly gunzTarPerm extractEntry package.json
407 silly gunzTarPerm modified mode [ 'package.json', 436, 420 ]
408 silly gunzTarPerm extractEntry README.md
409 silly gunzTarPerm extractEntry util.js
410 silly gunzTarPerm extractEntry package.json
411 silly gunzTarPerm extractEntry index.js
412 silly gunzTarPerm extractEntry test.js
413 silly gunzTarPerm extractEntry README.md
414 silly gunzTarPerm extractEntry index.js
415 silly gunzTarPerm extractEntry README.md
416 silly gunzTarPerm extractEntry LICENSE
417 silly gunzTarPerm extractEntry .npmignore
418 silly gunzTarPerm modified mode [ '.npmignore', 436, 420 ]
419 silly gunzTarPerm extractEntry README.md
420 silly gunzTarPerm modified mode [ 'README.md', 436, 420 ]
421 silly gunzTarPerm extractEntry README.md
422 silly gunzTarPerm extractEntry LICENSE
423 silly gunzTarPerm extractEntry float.patch
424 silly gunzTarPerm extractEntry lib/util.js
425 silly gunzTarPerm extractEntry .travis.yml
426 silly gunzTarPerm extractEntry license.md
427 silly gunzTarPerm extractEntry build/build.js
428 silly gunzTarPerm extractEntry component.json
429 silly gunzTarPerm extractEntry browser.js
430 silly gunzTarPerm extractEntry node.js
431 silly gunzTarPerm extractEntry inherits.js
432 silly gunzTarPerm extractEntry inherits_browser.js
433 silly gunzTarPerm extractEntry LICENSE
434 silly gunzTarPerm modified mode [ 'LICENSE', 436, 420 ]
435 silly gunzTarPerm extractEntry index.js
436 silly gunzTarPerm modified mode [ 'index.js', 436, 420 ]
437 silly gunzTarPerm extractEntry readme.md
438 silly gunzTarPerm extractEntry History.md
439 silly gunzTarPerm extractEntry test.js
440 verbose write writing to /Applications/My-Project/nearbook/nearbooks_ionic/node_modules/merge-stream/node_modules/readable-stream/node_modules/isarray/package.json
441 verbose write writing to /Applications/My-Project/nearbook/nearbooks_ionic/node_modules/merge-stream/node_modules/readable-stream/node_modules/process-nextick-args/package.json
442 info preinstall isarray@0.0.1
443 verbose write writing to /Applications/My-Project/nearbook/nearbooks_ionic/node_modules/merge-stream/node_modules/readable-stream/node_modules/inherits/package.json
444 info preinstall process-nextick-args@1.0.3
445 verbose readDependencies loading dependencies from /Applications/My-Project/nearbook/nearbooks_ionic/node_modules/merge-stream/node_modules/readable-stream/node_modules/isarray/package.json
446 verbose write writing to /Applications/My-Project/nearbook/nearbooks_ionic/node_modules/merge-stream/node_modules/readable-stream/node_modules/util-deprecate/package.json
447 verbose readDependencies loading dependencies from /Applications/My-Project/nearbook/nearbooks_ionic/node_modules/merge-stream/node_modules/readable-stream/node_modules/process-nextick-args/package.json
448 verbose write writing to /Applications/My-Project/nearbook/nearbooks_ionic/node_modules/merge-stream/node_modules/readable-stream/node_modules/string_decoder/package.json
449 info preinstall inherits@2.0.1
450 info preinstall util-deprecate@1.0.1
451 verbose readDependencies loading dependencies from /Applications/My-Project/nearbook/nearbooks_ionic/node_modules/merge-stream/node_modules/readable-stream/node_modules/isarray/package.json
452 verbose readDependencies loading dependencies from /Applications/My-Project/nearbook/nearbooks_ionic/node_modules/merge-stream/node_modules/readable-stream/node_modules/inherits/package.json
453 info preinstall string_decoder@0.10.31
454 verbose readDependencies loading dependencies from /Applications/My-Project/nearbook/nearbooks_ionic/node_modules/merge-stream/node_modules/readable-stream/node_modules/util-deprecate/package.json
455 verbose readDependencies loading dependencies from /Applications/My-Project/nearbook/nearbooks_ionic/node_modules/merge-stream/node_modules/readable-stream/node_modules/process-nextick-args/package.json
456 verbose readDependencies loading dependencies from /Applications/My-Project/nearbook/nearbooks_ionic/node_modules/merge-stream/node_modules/readable-stream/node_modules/string_decoder/package.json
457 silly install resolved []
458 verbose about to build /Applications/My-Project/nearbook/nearbooks_ionic/node_modules/merge-stream/node_modules/readable-stream/node_modules/isarray
459 info build /Applications/My-Project/nearbook/nearbooks_ionic/node_modules/merge-stream/node_modules/readable-stream/node_modules/isarray
460 verbose readDependencies loading dependencies from /Applications/My-Project/nearbook/nearbooks_ionic/node_modules/merge-stream/node_modules/readable-stream/node_modules/inherits/package.json
461 verbose readDependencies loading dependencies from /Applications/My-Project/nearbook/nearbooks_ionic/node_modules/merge-stream/node_modules/readable-stream/node_modules/util-deprecate/package.json
462 silly install resolved []
463 verbose about to build /Applications/My-Project/nearbook/nearbooks_ionic/node_modules/merge-stream/node_modules/readable-stream/node_modules/process-nextick-args
464 info build /Applications/My-Project/nearbook/nearbooks_ionic/node_modules/merge-stream/node_modules/readable-stream/node_modules/process-nextick-args
465 verbose readDependencies loading dependencies from /Applications/My-Project/nearbook/nearbooks_ionic/node_modules/merge-stream/node_modules/readable-stream/node_modules/string_decoder/package.json
466 info linkStuff isarray@0.0.1
467 silly linkStuff isarray@0.0.1 has /Applications/My-Project/nearbook/nearbooks_ionic/node_modules/merge-stream/node_modules/readable-stream/node_modules as its parent node_modules
468 silly install resolved []
469 verbose about to build /Applications/My-Project/nearbook/nearbooks_ionic/node_modules/merge-stream/node_modules/readable-stream/node_modules/inherits
470 info build /Applications/My-Project/nearbook/nearbooks_ionic/node_modules/merge-stream/node_modules/readable-stream/node_modules/inherits
471 info linkStuff process-nextick-args@1.0.3
472 silly linkStuff process-nextick-args@1.0.3 has /Applications/My-Project/nearbook/nearbooks_ionic/node_modules/merge-stream/node_modules/readable-stream/node_modules as its parent node_modules
473 silly install resolved []
474 verbose about to build /Applications/My-Project/nearbook/nearbooks_ionic/node_modules/merge-stream/node_modules/readable-stream/node_modules/util-deprecate
475 info build /Applications/My-Project/nearbook/nearbooks_ionic/node_modules/merge-stream/node_modules/readable-stream/node_modules/util-deprecate
476 silly install resolved []
477 verbose about to build /Applications/My-Project/nearbook/nearbooks_ionic/node_modules/merge-stream/node_modules/readable-stream/node_modules/string_decoder
478 info build /Applications/My-Project/nearbook/nearbooks_ionic/node_modules/merge-stream/node_modules/readable-stream/node_modules/string_decoder
479 info linkStuff inherits@2.0.1
480 silly linkStuff inherits@2.0.1 has /Applications/My-Project/nearbook/nearbooks_ionic/node_modules/merge-stream/node_modules/readable-stream/node_modules as its parent node_modules
481 info linkStuff util-deprecate@1.0.1
482 silly linkStuff util-deprecate@1.0.1 has /Applications/My-Project/nearbook/nearbooks_ionic/node_modules/merge-stream/node_modules/readable-stream/node_modules as its parent node_modules
483 verbose write writing to /Applications/My-Project/nearbook/nearbooks_ionic/node_modules/merge-stream/node_modules/readable-stream/node_modules/core-util-is/package.json
484 info linkStuff string_decoder@0.10.31
485 silly linkStuff string_decoder@0.10.31 has /Applications/My-Project/nearbook/nearbooks_ionic/node_modules/merge-stream/node_modules/readable-stream/node_modules as its parent node_modules
486 verbose linkBins isarray@0.0.1
487 verbose linkMans isarray@0.0.1
488 verbose rebuildBundles isarray@0.0.1
489 info preinstall core-util-is@1.0.1
490 info install isarray@0.0.1
491 verbose linkBins process-nextick-args@1.0.3
492 verbose linkMans process-nextick-args@1.0.3
493 verbose rebuildBundles process-nextick-args@1.0.3
494 verbose readDependencies loading dependencies from /Applications/My-Project/nearbook/nearbooks_ionic/node_modules/merge-stream/node_modules/readable-stream/node_modules/core-util-is/package.json
495 info postinstall isarray@0.0.1
496 info install process-nextick-args@1.0.3
497 info postinstall process-nextick-args@1.0.3
498 verbose linkBins inherits@2.0.1
499 verbose linkMans inherits@2.0.1
500 verbose rebuildBundles inherits@2.0.1
501 verbose unlock done using /Users/jianbozhang/.npm/_locks/isarray-2228583252dfc90d.lock for /Applications/My-Project/nearbook/nearbooks_ionic/node_modules/merge-stream/node_modules/readable-stream/node_modules/isarray
502 info install inherits@2.0.1
503 verbose linkBins util-deprecate@1.0.1
504 verbose linkMans util-deprecate@1.0.1
505 verbose rebuildBundles util-deprecate@1.0.1
506 verbose unlock done using /Users/jianbozhang/.npm/_locks/process-nextick-args-01356c4c75dc8891.lock for /Applications/My-Project/nearbook/nearbooks_ionic/node_modules/merge-stream/node_modules/readable-stream/node_modules/process-nextick-args
507 info install util-deprecate@1.0.1
508 info postinstall inherits@2.0.1
509 verbose readDependencies loading dependencies from /Applications/My-Project/nearbook/nearbooks_ionic/node_modules/merge-stream/node_modules/readable-stream/node_modules/core-util-is/package.json
510 verbose linkBins string_decoder@0.10.31
511 verbose linkMans string_decoder@0.10.31
512 verbose rebuildBundles string_decoder@0.10.31
513 info install string_decoder@0.10.31
514 info postinstall util-deprecate@1.0.1
515 verbose unlock done using /Users/jianbozhang/.npm/_locks/inherits-fc31c699f6c8a525.lock for /Applications/My-Project/nearbook/nearbooks_ionic/node_modules/merge-stream/node_modules/readable-stream/node_modules/inherits
516 info postinstall string_decoder@0.10.31
517 verbose unlock done using /Users/jianbozhang/.npm/_locks/util-deprecate-5f211fb970d928eb.lock for /Applications/My-Project/nearbook/nearbooks_ionic/node_modules/merge-stream/node_modules/readable-stream/node_modules/util-deprecate
518 silly install resolved []
519 verbose about to build /Applications/My-Project/nearbook/nearbooks_ionic/node_modules/merge-stream/node_modules/readable-stream/node_modules/core-util-is
520 info build /Applications/My-Project/nearbook/nearbooks_ionic/node_modules/merge-stream/node_modules/readable-stream/node_modules/core-util-is
521 verbose unlock done using /Users/jianbozhang/.npm/_locks/string-decoder-a0cd8b1582d8d865.lock for /Applications/My-Project/nearbook/nearbooks_ionic/node_modules/merge-stream/node_modules/readable-stream/node_modules/string_decoder
522 info linkStuff core-util-is@1.0.1
523 silly linkStuff core-util-is@1.0.1 has /Applications/My-Project/nearbook/nearbooks_ionic/node_modules/merge-stream/node_modules/readable-stream/node_modules as its parent node_modules
524 verbose linkBins core-util-is@1.0.1
525 verbose linkMans core-util-is@1.0.1
526 verbose rebuildBundles core-util-is@1.0.1
527 info install core-util-is@1.0.1
528 info postinstall core-util-is@1.0.1
529 verbose unlock done using /Users/jianbozhang/.npm/_locks/core-util-is-00d8dbfe6be391a7.lock for /Applications/My-Project/nearbook/nearbooks_ionic/node_modules/merge-stream/node_modules/readable-stream/node_modules/core-util-is
530 verbose about to build /Applications/My-Project/nearbook/nearbooks_ionic/node_modules/merge-stream/node_modules/readable-stream
531 info build /Applications/My-Project/nearbook/nearbooks_ionic/node_modules/merge-stream/node_modules/readable-stream
532 info linkStuff readable-stream@2.0.2
533 silly linkStuff readable-stream@2.0.2 has /Applications/My-Project/nearbook/nearbooks_ionic/node_modules/merge-stream/node_modules as its parent node_modules
534 verbose linkBins readable-stream@2.0.2
535 verbose linkMans readable-stream@2.0.2
536 verbose rebuildBundles readable-stream@2.0.2
537 verbose rebuildBundles [ 'core-util-is',
537 verbose rebuildBundles   'inherits',
537 verbose rebuildBundles   'isarray',
537 verbose rebuildBundles   'process-nextick-args',
537 verbose rebuildBundles   'string_decoder',
537 verbose rebuildBundles   'util-deprecate' ]
538 info install readable-stream@2.0.2
539 info postinstall readable-stream@2.0.2
540 verbose unlock done using /Users/jianbozhang/.npm/_locks/readable-stream-524781db26f3bf27.lock for /Applications/My-Project/nearbook/nearbooks_ionic/node_modules/merge-stream/node_modules/readable-stream
541 verbose about to build /Applications/My-Project/nearbook/nearbooks_ionic/node_modules/merge-stream
542 info build /Applications/My-Project/nearbook/nearbooks_ionic/node_modules/merge-stream
543 info linkStuff merge-stream@1.0.0
544 silly linkStuff merge-stream@1.0.0 has /Applications/My-Project/nearbook/nearbooks_ionic/node_modules as its parent node_modules
545 verbose linkBins merge-stream@1.0.0
546 verbose linkMans merge-stream@1.0.0
547 verbose rebuildBundles merge-stream@1.0.0
548 verbose rebuildBundles [ 'readable-stream' ]
549 info install merge-stream@1.0.0
550 info postinstall merge-stream@1.0.0
551 verbose unlock done using /Users/jianbozhang/.npm/_locks/merge-stream-128ad07170a6d040.lock for /Applications/My-Project/nearbook/nearbooks_ionic/node_modules/merge-stream
552 verbose validateInstall loading /Applications/My-Project/nearbook/nearbooks_ionic/package.json for validation
553 verbose stack Error: The package clean-css@2.2.23 does not satisfy its siblings' peerDependencies requirements!
553 verbose stack     at /usr/local/lib/node_modules/npm/lib/install.js:125:32
553 verbose stack     at /usr/local/lib/node_modules/npm/lib/install.js:268:7
553 verbose stack     at /usr/local/lib/node_modules/npm/node_modules/read-installed/read-installed.js:142:5
553 verbose stack     at /usr/local/lib/node_modules/npm/node_modules/read-installed/read-installed.js:263:14
553 verbose stack     at cb (/usr/local/lib/node_modules/npm/node_modules/slide/lib/async-map.js:47:24)
553 verbose stack     at /usr/local/lib/node_modules/npm/node_modules/read-installed/read-installed.js:263:14
553 verbose stack     at cb (/usr/local/lib/node_modules/npm/node_modules/slide/lib/async-map.js:47:24)
553 verbose stack     at /usr/local/lib/node_modules/npm/node_modules/read-installed/read-installed.js:263:14
553 verbose stack     at cb (/usr/local/lib/node_modules/npm/node_modules/slide/lib/async-map.js:47:24)
553 verbose stack     at /usr/local/lib/node_modules/npm/node_modules/read-installed/read-installed.js:263:14
554 verbose cwd /Applications/My-Project/nearbook/nearbooks_ionic
555 error Darwin 14.3.0
556 error argv "/usr/local/bin/node" "/usr/local/bin/npm" "install" "--save-dev" "merge-stream"
557 error node v4.0.0
558 error npm  v2.14.2
559 error code EPEERINVALID
560 error peerinvalid The package clean-css@2.2.23 does not satisfy its siblings' peerDependencies requirements!
560 error peerinvalid Peer cordova-uglify@0.1.9 wants clean-css@2.2.2
561 verbose exit [ 1, true ]
